\BOOKMARK [0][-]{chapter.1}{\376\377\000I\000n\000s\000t\000a\000l\000l\000a\000t\000i\000o\000n}{}% 1
\BOOKMARK [1][-]{section.1.1}{\376\377\000I\000n\000s\000t\000a\000l\000l\000\040\000W\000a\000v\000e\000P\000y}{chapter.1}% 2
\BOOKMARK [1][-]{section.1.2}{\376\377\000T\000r\000o\000u\000b\000l\000e\000s\000h\000o\000o\000t\000i\000n\000g}{chapter.1}% 3
\BOOKMARK [2][-]{subsection.1.2.1}{\376\377\000W\000a\000v\000e\000\040\000c\000a\000n\000\040\000n\000o\000t\000\040\000b\000e\000\040\000E\000x\000e\000c\000u\000t\000e\000d}{section.1.2}% 4
\BOOKMARK [2][-]{subsection.1.2.2}{\376\377\000F\000i\000l\000e\000s\000\040\000a\000r\000e\000\040\000n\000o\000t\000\040\000c\000o\000p\000i\000e\000d\000\040\000a\000f\000t\000e\000r\000\040\000t\000h\000e\000\040\000s\000i\000m\000u\000l\000a\000t\000i\000o\000n\000s\000\040\000r\000u\000n\000n\000e\000d}{section.1.2}% 5
\BOOKMARK [2][-]{subsection.1.2.3}{\376\377\000I\000n\000t\000e\000r\000p\000o\000l\000a\000t\000e\000d\000\040\000f\000i\000l\000e\000s\000\040\000a\000r\000e\000\040\000n\000o\000t\000\040\000s\000a\000v\000e\000d}{section.1.2}% 6
\BOOKMARK [2][-]{subsection.1.2.4}{\376\377\000W\000a\000v\000e\000\040\000c\000o\000m\000p\000l\000a\000i\000n\000s\000\040\000i\000t\000\040\000c\000a\000n\000n\000o\000t\000\040\000f\000i\000n\000d\000\040\000a\000\040\000z\000i\000p\000\040\000f\000i\000l\000e\000\040\000w\000h\000i\000l\000e\000\040\000t\000r\000y\000i\000n\000g\000\040\000t\000o\000\040\000p\000l\000o\000t}{section.1.2}% 7
\BOOKMARK [0][-]{chapter.2}{\376\377\000H\000o\000w\000\040\000T\000o\000\040\000U\000s\000e\000\040\000W\000a\000v\000e\000P\000y}{}% 8
\BOOKMARK [1][-]{section.2.1}{\376\377\000A\000x\000i\000s\000\040\000N\000o\000m\000e\000n\000c\000l\000a\000t\000u\000r\000e}{chapter.2}% 9
\BOOKMARK [1][-]{section.2.2}{\376\377\000S\000p\000e\000c\000t\000r\000u\000m\000\040\000C\000a\000l\000c\000u\000l\000a\000t\000i\000o\000n\000s}{chapter.2}% 10
\BOOKMARK [2][-]{subsection.2.2.1}{\376\377\000S\000u\000m\000m\000a\000r\000y\000\040\000f\000i\000l\000e}{section.2.2}% 11
\BOOKMARK [1][-]{section.2.3}{\376\377\000B\000-\000F\000i\000e\000l\000d\000\040\000I\000n\000t\000e\000r\000p\000o\000l\000a\000t\000i\000o\000n}{chapter.2}% 12
\BOOKMARK [1][-]{section.2.4}{\376\377\000T\000r\000o\000u\000b\000l\000e\000s\000h\000o\000o\000t\000i\000n\000g}{chapter.2}% 13
\BOOKMARK [2][-]{subsection.2.4.1}{\376\377\000F\000i\000l\000e\000s\000\040\000a\000r\000e\000\040\000n\000o\000t\000\040\000c\000o\000p\000i\000e\000d\000\040\000a\000f\000t\000e\000r\000\040\000t\000h\000e\000\040\000s\000i\000m\000u\000l\000a\000t\000i\000o\000n\000s\000\040\000r\000u\000n\000n\000e\000d}{section.2.4}% 14
\BOOKMARK [2][-]{subsection.2.4.2}{\376\377\000I\000n\000t\000e\000r\000p\000o\000l\000a\000t\000e\000d\000\040\000f\000i\000l\000e\000s\000\040\000a\000r\000e\000\040\000n\000o\000t\000\040\000s\000a\000v\000e\000d}{section.2.4}% 15
\BOOKMARK [2][-]{subsection.2.4.3}{\376\377\000W\000a\000v\000e\000\040\000c\000o\000m\000p\000l\000a\000i\000n\000s\000\040\000i\000t\000\040\000c\000a\000n\000n\000o\000t\000\040\000f\000i\000n\000d\000\040\000a\000\040\000z\000i\000p\000\040\000f\000i\000l\000e\000\040\000w\000h\000i\000l\000e\000\040\000t\000r\000y\000i\000n\000g\000\040\000t\000o\000\040\000p\000l\000o\000t}{section.2.4}% 16
\BOOKMARK [0][-]{chapter.3}{\376\377\000H\000o\000w\000\040\000T\000o\000\040\000G\000u\000i\000d\000e\000s}{}% 17
\BOOKMARK [0][-]{chapter.4}{\376\377\000A\000P\000I}{}% 18
\BOOKMARK [1][-]{section.4.1}{\376\377\000S\000i\000m\000u\000l\000a\000t\000i\000o\000n}{chapter.4}% 19
\BOOKMARK [2][-]{subsection.4.1.1}{\376\377\000W\000A\000V\000E}{section.4.1}% 20
\BOOKMARK [2][-]{subsection.4.1.2}{\376\377\000W\000A\000V\000E\000\040\000A\000P\000I}{section.4.1}% 21
\BOOKMARK [2][-]{subsection.4.1.3}{\376\377\000E\000l\000e\000m\000e\000n\000t\000s}{section.4.1}% 22
\BOOKMARK [2][-]{subsection.4.1.4}{\376\377\000P\000r\000e\000p\000r\000o\000c\000e\000s\000s\000\040\000F\000i\000l\000e\000s}{section.4.1}% 23
\BOOKMARK [2][-]{subsection.4.1.5}{\376\377\000P\000o\000s\000t\000p\000r\000o\000c\000e\000s\000s\000\040\000F\000i\000l\000e\000s}{section.4.1}% 24
\BOOKMARK [2][-]{subsection.4.1.6}{\376\377\000E\000x\000t\000r\000a\000c\000t\000\040\000a\000n\000d\000\040\000P\000l\000o\000t}{section.4.1}% 25
\BOOKMARK [0][-]{section*.24}{\376\377\000I\000n\000d\000e\000x}{}% 26
