0: CODE, WAVE.EXAMPLE, C, WAVE.EXAMPLE, WAVE.EXAMPLE, 0, -1, 6
1: ICHARGE, -1, I, -1, -1, 0, -1, 1254
2: DMYENERGY, 1.722, R, 1.722, 1.722, 0, -1, 168
3: IENELOSS, 1, I, 1, 1, 0, -1, 170
4: DMYCUR, 0.1, R, 0.1, 0.1, 0, -1, 181
5: XBETFUN, 9999., R, 9999., 9999., 0, -1, 1736
6: BETAH, 9999., R, 9999., 9999., 0, -1, 1746
7: BETAPH, 9999., R, 9999., 9999., 0, -1, 1754
8: BETAV, 9999., R, 9999., 9999., 0, -1, 1769
9: BETAPV, 9999., R, 9999., 9999., 0, -1, 1776
10: EPS0H, 7.70e-9, R, 7.70e-9, 7.70e-9, 0, -1, 1762
11: EPS0V, 15.4e-11, R, 15.4e-11, 15.4e-11, 0, -1, 1784
12: ESPREAD, 0.001, R, 0.001, 0.001, 0, -1, 2387
13: UMFANG, 240., R, 240., 240., 0, -1, 1683
14: XSTART, 9999., R, 9999., 9999., 0, -1, 183
15: YSTART, 0.0, R, 0.0, 0.0, 0, -1, 198
16: ZSTART, 0.0, R, 0.0, 0.0, 0, -1, 199
17: XSTOP, 9999., R, 9999., 9999., 0, -1, 195
18: VXIN, 1.0, R, 1.0, 1.0, 0, -1, 201
19: VYIN, 0.0, R, 0.0, 0.0, 0, -1, 202
20: VZIN, 0.0, R, 0.0, 0.0, 0, -1, 203
21: XINTER, -9999., R, -9999., -9999., 0, -1, 187
22: MYINUM, 5000, I, 5000, 5000, 0, -1, 163
23: KBFELD, 0, I, 0, 0, 0, -1, 257
24: KMAGSEQ, 0, I, 0, 0, 0, -1, 266
25: KHALBA, 1, I, 1, 1, 0, -1, 391
26: KUNDUGAP, 0, I, 0, 0, 0, -1, 400
27: KHALBASY, 0, I, 0, 0, 0, -1, 396
28: KELLIP, 1, I, 1, 1, 0, -1, 410
29: IRBTAB, 0, I, 0, 0, 0, -1, 442
30: IRBTABZY, 0, I, 0, 0, 0, -1, 464
31: IRFILF, 0, I, 0, 0, 0, -1, 488
32: IRBMAP2, 0, I, 0, 0, 0, -1, 3759
33: KBREC, 0, I, 0, 0, 0, -1, 415
34: KAPPLEM, 0, I, 1, 1, 0, -1, -1
35: KBUNDUMAG, 0, I, 0, 0, 0, -1, 419
36: KAPPLE, 0, I, 0, 0, 0, -1, 3813
37: KHYBRID, 0, I, 0, 0, 0, -1, 3814
38: KHYBRIDM, 0, I, 1, 1, 0, -1, -1
39: KUNDUWAM, 0, I, 1, 1, 0, -1, -1
40: UEDEACT, 0, I, 1, 1, 0, -1, -1
41: IUE112MOD, 1, I, 1, 1, 0, -1, 3791
42: NUE112MOD, 0, I, 0, 0, 0, -1, 3792
43: UE112S3, 0, I, 1, 1, 0, -1, -1
44: IUE56, 0, I, 0, 0, 0, -1, 3794
45: IUE46, 0, I, 0, 0, 0, -1, 3793
46: IUE112, 0, I, 0, 0, 0, -1, 3795
47: KBPOLYMAG, 0, I, 0, 0, 0, -1, 436
48: BSCALEPM, 1., R, 1., 1., 0, -1, 3152
49: WINPM, 1.0, R, 1.0, 1.0, 0, -1, 3153
50: RANGPM, 0.5, R, 0.5, 0.5, 0, -1, 3154
51: FILEPM, polymag.in, C, polymag.in, polymag.in, 0, -1, 3166
52: SHUL, -1.0, R, -1.0, -1.0, 0, -1, 3777
53: SHLR, +1.0, R, +1.0, +1.0, 0, -1, 3776
54: SHUR, 0.0, R, 0.0, 0.0, 0, -1, 3778
55: SHLL, 0.0, R, 0.0, 0.0, 0, -1, 3775
56: UE112S2P, 0, I, 1, 1, 0, -1, -1
57: UE112S2N, 0, I, 1, 1, 0, -1, -1
58: GAPPM, 20., R, 20., 20., 0, -1, 3164
59: UE112SH, 0., R, 0., 0., 0, -1, 3773
60: UE46S2, 0, I, 1, 1, 0, -1, -1
61: SCALKL, 0., R, 0., 0., 0, -1, 2753
62: SCALADD, 0., R, 0., 0., 0, -1, 2752
63: FILEREC, rec.par, C, rec.par, rec.par, 0, -1, 1981
64: IRECU, 0, I, 0, 0, 0, -1, 2791
65: IRECMODU, 0, I, 0, 0, 0, -1, 2773
66: KBRECM, 0, I, 0, 0, 0, 0, -1
67: UE46S3, 0, I, 1, 1, 0, -1, -1
68: RECGAP, 7.5, R, 7.5, 7.5, 0, -1, 2768
69: USHIFT, 0.0, R, 0.0, 0.0, 0, -1, 2769
70: BCRAN, 0.0, R, 0.0, 0.0, 0, -1, 2725
71: BCRANSIG, 1000.0, R, 1000.0, 1000.0, 0, -1, 2729
72: IUNDU2, 0, I, 0, 0, 0, -1, 3819
73: IHTAPER, 0, I, 0, 0, 0, -1, 2775
74: IVTAPER, 0, I, 0, 0, 0, -1, 2783
75: IPLREC, 1, I, 1, 1, 0, -1, 2755
76: RPLXMN, 9999., R, 9999., 9999., 0, -1, 2757
77: RPLXMX, 9999., R, 9999., 9999., 0, -1, 2758
78: UE56CHIC, 0, I, 1, 1, 0, -1, -1
79: IRFILB0, 0, I, 0, 0, 0, -1, 472
80: TROTCHIC0, 0., R, 0., 0., 0, -1, 3761
81: TROTMODU0, 0., R, 0., 0., 0, -1, 3763
82: TROT, 86.76, R, 86.76, 86.76, 0, -1, 3766
83: TROTEND, 90., R, 90., 90., 0, -1, 3767
84: BCMOD(1), 1.22877642516581265e+00, R, 1.22877642516581265e+00, 1.22877642516581265e+00, 0, -1, 2949
85: BCMOD(2), 1.22877642516581265e+00, R, 1.22877642516581265e+00, 1.22877642516581265e+00, 0, -1, 2950
86: BCMOD(15), 1.22877642516581265e+00, R, 1.22877642516581265e+00, 1.22877642516581265e+00, 0, -1, 2965
87: UE56MODU, 0, I, 1, 1, 0, -1, -1
88: SCALMOD, 1., R, 1., 1., 0, -1, 2854
89: BYGOFF, 0.0, R, 0.0, 0.0, 0, -1, 1290
90: BZGOFF, 0.0, R, 0.0, 0.0, 0, -1, 1292
91: B0SCGLOB, 1.0, R, 1.0, 1.0, 0, -1, 1296
92: A0SCGLOB, 1.0, R, 1.0, 1.0, 0, -1, 1294
93: B0SCGLOBY, 1.0, R, 1.0, 1.0, 0, -1, 1301
94: B0SCGLOBZ, 1.0, R, 1.0, 1.0, 0, -1, 1305
95: IBSYM, 0, I, 0, 0, 0, -1, 633
96: XBSYM, 0.0, R, 0.0, 0.0, 0, -1, 639
97: IBSYMY, 0, I, 0, 0, 0, -1, 643
98: IBSYMZ, 0, I, 0, 0, 0, -1, 649
99: IMAGSPNM, 0, I, 1, 1, 0, -1, -1
100: IMAGSPLN, 0, I, 0, 0, 0, -1, 731
101: IBMASK, 0, I, 0, 0, 0, -1, 1258
102: XSHIFT, 0.0, R, 0.0, 0.0, 0, -1, 1307
103: VSHIFT, 0.0, R, 0.0, 0.0, 0, -1, 1322
104: HSHIFT, 0.0, R, 0.0, 0.0, 0, -1, 1321
105: XROTD, 0.0, R, 0.0, 0.0, 0, -1, 1324
106: IBERROR, 0, I, 0, 0, 0, -1, 252
107: B0ERROR, 0., R, 0., 0., 0, -1, 3660
108: NBERRMOD, 0, I, 0, 0, 0, -1, 3665
109: ZLENERR, 0.032, R, 0.032, 0.032, 0, -1, 3679
110: XLENERR, 0., R, 0., 0., 0, -1, 3674
111: IPERIODG, 0, I, 0, 0, 0, -1, 1331
112: XPERWMN, 0., R, 0., 0., 0, -1, 1361
113: XPERWMX, 0., R, 0., 0., 0, -1, 1363
114: PERIODG, 0.8, R, 0.8, 0.8, 0, -1, 1365
115: PEROFFG, -0.4, R, -0.4, -0.4, 0, -1, 1366
116: IBFORCEM, 0, I, 1, 1, 0, -1, -1
117: IBFORCE, 0, I, 0, 0, 0, -1, 533
118: IUNDULATOR, 0, I, 0, 0, 0, -1, 15
119: ISPEC, 1, I, 1, 1, 0, -1, 704
120: BFCENX, 0.0, R, 0.0, 0.0, 0, -1, 3346
121: BFCENY, 0.0, R, 0.0, 0.0, 0, -1, 3347
122: BFCENZ, 0.0, R, 0.0, 0.0, 0, -1, 3348
123: BFLENX, 1., R, 1., 1., 0, -1, 3350
124: BFLENY, 1., R, 1., 1., 0, -1, 3351
125: BFLENZ, 1., R, 1., 1., 0, -1, 3352
126: NBFORCX, 1, I, 1, 1, 0, -1, 3358
127: NBFORCY, 1, I, 1, 1, 0, -1, 3359
128: NBFORCZ, 1, I, 1, 1, 0, -1, 3360
129: BBY1, 1., R, 1., 1., 0, -1, 1405
130: XM1, -1., R, -1., -1., 0, -1, 1403
131: XP1, +1., R, +1., +1., 0, -1, 1404
132: YSOFT1(1), 0.1, R, 0.1, 0.1, 0, -1, 1406
133: YSOFT1(2), 0.1, R, 0.1, 0.1, 0, -1, 1407
134: BBY2, 1., R, 1., 1., 0, -1, 1411
135: XM2, 2., R, 2., 2., 0, -1, 1409
136: XP2, 3., R, 3., 3., 0, -1, 1410
137: YSOFT2(1), 0.0000, R, 0.0000, 0.0000, 0, -1, 1412
138: YSOFT2(2), 0.0000, R, 0.0000, 0.0000, 0, -1, 1413
139: BBY3, 1., R, 1., 1., 0, -1, 1417
140: XM3, 4., R, 4., 4., 0, -1, 1415
141: XP3, 5., R, 5., 5., 0, -1, 1416
142: YSOFT3(1), 0.0000, R, 0.0000, 0.0000, 0, -1, 1418
143: YSOFT3(2), 0.0000, R, 0.0000, 0.0000, 0, -1, 1419
144: BBY4, 1., R, 1., 1., 0, -1, 1423
145: XM4, 6., R, 6., 6., 0, -1, 1421
146: XP4, 7., R, 7., 7., 0, -1, 1422
147: YSOFT4(1), 0.0000, R, 0.0000, 0.0000, 0, -1, 1424
148: YSOFT4(2), 0.0000, R, 0.0000, 0.0000, 0, -1, 1425
149: BBY5, 1., R, 1., 1., 0, -1, 1429
150: XM5, 8., R, 8., 8., 0, -1, 1427
151: XP5, 9., R, 9., 9., 0, -1, 1428
152: YSOFT5(1), 0.0000, R, 0.0000, 0.0000, 0, -1, 1430
153: YSOFT5(2), 0.0000, R, 0.0000, 0.0000, 0, -1, 1431
154: BBY6, 1., R, 1., 1., 0, -1, 1435
155: XM6, 10., R, 10., 10., 0, -1, 1433
156: XP6, 11., R, 11., 11., 0, -1, 1434
157: YSOFT6(1), 0.0000, R, 0.0000, 0.0000, 0, -1, 1436
158: YSOFT6(2), 0.0000, R, 0.0000, 0.0000, 0, -1, 1437
159: FILEMG, magseq.in, C, magseq.in, magseq.in, 0, -1, 1918
160: B0HALBA, 0.5, R, 0.5, 0.5, 0, -1, 1453
161: PERHAL, 10., R, 10., 10., 0, -1, 1460
162: ZLHALBA, 0.05, R, 0.05, 0.05, 0, -1, 1458
163: XLHALBA, 0.0, R, 0.0, 0.0, 0, -1, 1455
164: UNDUFULLGAP, 0.0055, R, 0.0055, 0.0055, 0, -1, 1522
165: UNDUGAPPOL, 161., R, 161., 161., 0, -1, 1530
166: ZLUNDUGAP, 0.017, R, 0.017, 0.017, 0, -1, 1528
167: XLUNDUGAP, 0., R, 0., 0., 0, -1, 1524
168: XCENUNDUGAP, 0.0, R, 0.0, 0.0, 0, -1, 1532
169: UNDUGAPA, 3.598, R, 3.598, 3.598, 0, -1, 1552
170: UNDUGAPB, -3.840, R, -3.840, -3.840, 0, -1, 1553
171: UNDUGAPC, 0.6311, R, 0.6311, 0.6311, 0, -1, 1554
172: PKHALBASY, 0., R, 0., 0., 0, -1, 1486
173: B0HALBASY, 2., R, 2., 2., 0, -1, 1485
174: AHWPOL, 21., R, 21., 21., 0, -1, 1499
175: FASYM, 2.0, R, 2.0, 2.0, 0, -1, 1492
176: ZLHALBASY, 0.2, R, 0.2, 0.2, 0, -1, 1491
177: XLHALBASY, 0., R, 0., 0., 0, -1, 1488
178: XCENHAL, 0.0, R, 0.0, 0.0, 0, -1, 1511
179: NHHALBASY, 0, I, 0, 0, 0, -1, 1504
180: HHALBASY, 1000., R, 1000., 1000., 0, -1, 1507
181: PARKELL, 0., R, 0., 0., 0, -1, 1588
182: B0ELLIPV, 0.353553390593, R, 0.353553390593, 0.353553390593, 0, -1, 1592
183: B0ELLIPH, 0.353553390593, R, 0.353553390593, 0.353553390593, 0, -1, 1593
184: PERELLIP, 31., R, 31., 31., 0, -1, 1596
185: XLELLIP, 0.056, R, 0.056, 0.056, 0, -1, 1595
186: NHARMELL, 0, I, 0, 0, 0, -1, 1599
187: HARMELL, 1000., R, 1000., 1000., 0, -1, 1604
188: FILEF, btab.fou, C, btab.fou, btab.fou, 0, -1, 1873
189: NFOUR, -9999, I, -9999, -9999, 0, -1, 1644
190: IFOUR0, 0, I, 0, 0, 0, -1, 1647
191: XLENFOUR, 0.0, R, 0.0, 0.0, 0, -1, 1650
192: FILETB, btab.dat, C, btab.dat, btab.dat, 0, -1, 1876
193: FILETBZ, bz.dat, C, bz.dat, bz.dat, 0, -1, 1879
194: FILEB0, bmap.ntup, C, bmap.ntup, bmap.ntup, 0, -1, 1893
195: SHIFTUL, 0.0, R, 0.0, 0.0, 0, -1, 3161
196: SHIFTLR, 0.0, R, 0.0, 0.0, 0, -1, 3160
197: SHIFTUR, 0.0, R, 0.0, 0.0, 0, -1, 3162
198: SHIFTLL, 0.0, R, 0.0, 0.0, 0, -1, 3159
199: URECLX(1), 14., R, 14., 14., 0, -1, 2809
200: URECLY(1), 40., R, 40., 40., 0, -1, 2810
201: URECLZ(1), 40., R, 40., 40., 0, -1, 2811
202: KRECPER(1), 30, I, 30, 30, 0, -1, 2807
203: URECGAP(1), 11.6, R, 11.6, 11.6, 0, -1, 2812
204: URECBC(1), 1.22, R, 1.22, 1.22, 0, -1, 2816
205: IUHELI(1), 1, I, 1, 1, 0, -1, 2828
206: URSPLIT(1), 0.8, R, 0.8, 0.8, 0, -1, 2831
207: URSHIFT(1), 10., R, 10., 10., 0, -1, 2832
208: URSHADD(1), 0., R, 0., 0., 0, -1, 2835
209: NUNDUPER, 7, I, 7, 7, 0, -1, 3082
210: UNDUGAP, 10., R, 10., 10., 0, -1, 3086
211: UMAGLX, 14., R, 14., 14., 0, -1, 3112
212: UMAGLY, 40., R, 40., 40., 0, -1, 3113
213: UMAGLZ, 40., R, 40., 40., 0, -1, 3114
214: US2SHIFT, 0., R, 0., 0., 0, -1, 3088
215: US3SHIFT, 10., R, 10., 10., 0, -1, 3089
216: UCOATING, 0.014, R, 0.014, 0.014, 0, -1, 3118
217: UMAGBC, 1.62, R, 1.62, 1.62, 0, -1, 3120
218: UMUPAR, 1.03, R, 1.03, 1.03, 0, -1, 3121
219: UKSIPER, 0.17, R, 0.17, 0.17, 0, -1, 3122
220: UNDUSPLIT, 0.8, R, 0.8, 0.8, 0, -1, 3123
221: NUDIVX, 1, I, 1, 1, 0, -1, 3125
222: NUHDIVX, 1, I, 1, 1, 0, -1, 3126
223: NUDIVY, 3, I, 3, 3, 0, -1, 3127
224: NUDIVZ, 3, I, 3, 3, 0, -1, 3128
225: XMAPMINU, 9999., R, 9999., 9999., 0, -1, 3094
226: DXMAPU, 1., R, 1., 1., 0, -1, 3098
227: NXMAPU, 0, I, 0, 0, 0, -1, 3100
228: YMAPMINU, -3.0, R, -3.0, -3.0, 0, -1, 3102
229: YMAPMAXU, 3.0, R, 3.0, 3.0, 0, -1, 3103
230: NYMAPU, 1, I, 1, 1, 0, -1, 3104
231: ZMAPMINU, -20.0, R, -20.0, -20.0, 0, -1, 3107
232: ZMAPMAXU, 20.0, R, 20.0, 20.0, 0, -1, 3108
233: NZMAPU, 1, I, 1, 1, 0, -1, 3109
234: KXSTART, -1, I, -1, -1, 0, -1, 3130
235: KXSTOP, -1, I, -1, -1, 0, -1, 3132
236: UCORRTINY, 0.001, R, 0.001, 0.001, 0, -1, 3135
237: URANDOX, 0.00002, R, 0.00002, 0.00002, 0, -1, 3137
238: URANDOY, 0.0, R, 0.0, 0.0, 0, -1, 3138
239: URANDOZ, 0.00005, R, 0.00005, 0.00005, 0, -1, 3139
240: UWWINDOW, 1000., R, 1000., 1000., 0, -1, 3141
241: CHUNDUMAG, undumag.exe, C, undumag.exe, undumag.exe, 0, -1, 3145
242: CHUNDUNAM, undumag_nam.tmp, C, undumag_nam.tmp, undumag_nam.tmp, 0, -1, 3146
243: UNDUGAP_H, 10., R, 10., 10., 0, -1, 2974
244: NSPEC_H, 1, I, 1, 1, 0, -1, 3017
245: USMAGLX_H(1), 13.9, R, 13.9, 13.9, 0, -1, 3019
246: USMAGLY_H(1), 5.865898402796422, R, 5.865898402796422, 5.865898402796422, 0, -1, 3020
247: USMAGLZ_H(1), 40., R, 40., 40., 0, -1, 3021
248: USMAGCH_H(1), 0.3, R, 0.3, 0.3, 0, -1, 3022
249: MSMAG_H(1), 1, I, 1, 1, 0, -1, 3023
250: USMAGSPAC_H(1), 0.1, R, 0.1, 0.1, 0, -1, 3024
251: USMAGDY_H(1), 0.0, R, 0.0, 0.0, 0, -1, 3025
252: Varray0, 1, I, 1, 1, 0, 0, -1
253: NURANMOD, 1, I, 1, 1, 0, -1, 2793
254: UBANGERR(1), 0.0, R, 0.0, 0.0, 0, -1, 2817
255: USIGOFFY(1), 0.0, R, 0.0, 0.0, 0, -1, 2821
256: IWFILF, 0, I, 0, 0, 0, -1, 577
257: NFOURWLS, 32, I, 32, 32, 0, -1, 1646
258: IWBTAB, 0, I, 0, 0, 0, -1, 590
259: FILEWBT, wave_wbtab.dat, C, wave_wbtab.dat, wave_wbtab.dat, 0, -1, 1908
260: BTABS, 9999., R, 9999., 9999., 0, -1, 2711
261: BTABE, 9999., R, 9999., 9999., 0, -1, 2712
262: BTABY, 0.0, R, 0.0, 0.0, 0, -1, 2713
263: BTABZ, 0.0, R, 0.0, 0.0, 0, -1, 2714
264: NPWBTAB, 9999, I, 9999, 9999, 0, -1, 2716
265: BTABEPS, 0.1e-3, R, 0.1e-3, 0.1e-3, 0, -1, 2720
266: IWBMAPT, 0, I, 0, 0, 0, -1, 3760
267: IWBMAPAM, 0, I, 1, 1, 0, -1, -1
268: IWBMAP, 0, I, 0, 0, 0, -1, 601
269: IBMAPX, 1, I, 1, 1, 0, -1, 3173
270: IBMAPY, 1, I, 1, 1, 0, -1, 3176
271: IBMAPZ, 1, I, 1, 1, 0, -1, 3177
272: IBMRADIAL, 0, I, 0, 0, 0, -1, 3179
273: IWBMAPEXT, 0, I, 0, 0, 0, -1, 3202
274: IWBMAPHM, 0, I, 1, 1, 0, -1, -1
275: IWBMAPHM, 0, I, 1, 1, 0, -1, -1
276: IWBMAPCM, 0, I, 1, 1, 0, -1, -1
277: FILEBMAP, bmap.dat, C, bmap.dat, bmap.dat, 0, -1, 1984
278: XMAPMN, 9999., R, 9999., 9999., 0, -1, 3189
279: XMAPMX, 9999., R, 9999., 9999., 0, -1, 3190
280: NMAPX, -9999, I, -9999, -9999, 0, -1, 3191
281: YMAPMN, -0.007, R, -0.007, -0.007, 0, -1, 3194
282: YMAPMX, +0.007, R, +0.007, +0.007, 0, -1, 3195
283: NMAPY, 3, I, 3, 3, 0, -1, 3196
284: ZMAPMN, -0.03, R, -0.03, -0.03, 0, -1, 3198
285: ZMAPMX, +0.03, R, +0.03, +0.03, 0, -1, 3199
286: NMAPZ, 31, I, 31, 31, 0, -1, 3200
287: ISPECM, 1, I, 1, 1, 0, -1, -1
288: ISTOKES, 1, I, 1, 1, 0, -1, 856
289: IBRILL, 1, I, 1, 1, 0, -1, 858
290: UNDUM, 0, I, 1, 1, 0, -1, -1
291: IWIGGLER, 0, I, 0, 0, 0, -1, 90
292: IEXPERT, 0, I, 0, 0, 0, -1, 153
293: IEMIT, 0, I, 0, 0, 0, -1, 1112
294: IPHELLIP, 0, I, 0, 0, 0, -1, 2049
295: IBUNCH, 0, I, 0, 0, 0, -1, 878
296: UNDUBM, 0, I, 1, 1, 0, -1, -1
297: IFOLD, 1, I, 1, 1, 0, -1, 864
298: IEFOLD, 1, I, 1, 1, 0, -1, 905
299: UNDUFM, 0, I, 1, 1, 0, -1, -1
300: IRMAP2, 0, I, 0, 0, 0, -1, 3816
301: NOEMITPH, 0, I, 0, 0, 0, -1, 3430
302: NOESPREADPH, 0, I, 0, 0, 0, -1, 3431
303: PHRPERL, 9999.0d0, R, 9999.0d0, 9999.0d0, 0, -1, 3433
304: PHRB0H, 9999.0d0, R, 9999.0d0, 9999.0d0, 0, -1, 3435
305: PHRB0V, 9999.0d0, R, 9999.0d0, 9999.0d0, 0, -1, 3437
306: PHRSHIFT, 9999.0d0, R, 9999.0d0, 9999.0d0, 0, -1, 3439
307: WIGMOD1, 0, I, 1, 1, 0, -1, -1
308: WIGMOD2, 0, I, 1, 1, 0, -1, -1
309: IEXPERTM, 1, I, 1, 1, 0, -1, -1
310: ISPECMODE, 2, I, 2, 2, 0, -1, 712
311: WGWINFC, 9999., R, 9999., 9999., 0, -1, 2202
312: NLPOI, -9999, I, -9999, -9999, 0, -1, 761
313: XIANF, 9999., R, 9999., 9999., 0, -1, 745
314: XIEND, 9999., R, 9999., 9999., 0, -1, 747
315: ISPECDIP, 0, I, 0, 0, 0, -1, 1043
316: BYDIP(1), 1.3, R, 1.3, 1.3, 0, -1, 3325
317: X0DIP(1), 0.0, R, 0.0, 0.0, 0, -1, 3329
318: Y0DIP(1), 0.0, R, 0.0, 0.0, 0, -1, 3330
319: Z0DIP(1), 0.0, R, 0.0, 0.0, 0, -1, 3331
320: VXDIP(1), 1.0, R, 1.0, 1.0, 0, -1, 3332
321: VYDIP(1), 0.0, R, 0.0, 0.0, 0, -1, 3333
322: VZDIP(1), 0.0, R, 0.0, 0.0, 0, -1, 3334
323: WBL0CUT, 0.0, R, 0.0, 0.0, 0, -1, 2207
324: WBL0HYS, 1.0, R, 1.0, 1.0, 0, -1, 2211
325: IBL0CUT, 0, I, 0, 0, 0, -1, 2215
326: CX1, 9999., R, 9999., 9999., 0, -1, 2186
327: CY1, 9999., R, 9999., 9999., 0, -1, 2188
328: CZ1, 9999., R, 9999., 9999., 0, -1, 2189
329: WID1, 9999., R, 9999., 9999., 0, -1, 2190
330: HIG1, 9999., R, 9999., 9999., 0, -1, 2192
331: CX2, 9999., R, 9999., 9999., 0, -1, 2195
332: CY2, 9999., R, 9999., 9999., 0, -1, 2197
333: CZ2, 9999., R, 9999., 9999., 0, -1, 2198
334: WID2, 9999., R, 9999., 9999., 0, -1, 2199
335: HIG2, 9999., R, 9999., 9999., 0, -1, 2200
336: NROI, 0, I, 0, 0, 0, -1, 3631
337: ROIX(1), 0., R, 0., 0., 0, -1, 3640
338: ROIP(1), 1., R, 1., 1., 0, -1, 3641
339: ROIX(2), 0., R, 0., 0., 0, -1, 3645
340: ROIP(2), 1., R, 1., 1., 0, -1, 3646
341: ROIX(3), 0., R, 0., 0., 0, -1, 3647
342: ROIP(3), 1., R, 1., 1., 0, -1, 3648
343: IVELOM1, 1, I, 1, 1, 0, -1, -1
344: IVELOFIELD, 0, I, 0, 0, 0, -1, 726
345: IVELOM2, 0, I, 1, 1, 0, -1, -1
346: IVELOM3, 0, I, 1, 1, 0, -1, -1
347: ROIX(4), 0., R, 0., 0., 0, -1, 3649
348: ROIP(4), 1., R, 1., 1., 0, -1, 3650
349: ROIX(5), 0., R, 0., 0., 0, -1, 3651
350: ROIP(5), 1., R, 1., 1., 0, -1, 3652
351: ROIX(6), 0., R, 0., 0., 0, -1, 3653
352: IPIN0M, 0, I, 1, 1, 0, -1, -1
353: IPIN3, 0, I, 0, 0, 0, -1, 3808
354: IPINHV, 0, I, 0, 0, 0, -1, 3805
355: IPINWV, 0, I, 0, 0, 0, -1, 3806
356: IPINRV, 1, I, 1, 1, 0, -1, 3807
357: IPINRECTM, 1, I, 1, 1, 0, -1, -1
358: IPINCIRC, 0, I, 0, 0, 0, -1, 852
359: IPINCIRCM, 0, I, 1, 1, 0, -1, -1
360: PINW, 0.003, R, 0.003, 0.003, 0, -1, 2565
361: PINH, 0.003, R, 0.003, 0.003, 0, -1, 2570
362: PINR, -9999., R, -9999., -9999., 0, -1, 2575
363: MPINZ, 21, I, 21, 21, 0, -1, 2539
364: MPINY, 21, I, 21, 21, 0, -1, 2541
365: PINCEN(1), 10., R, 10., 10., 0, -1, 2506
366: PINCEN(2), 9999., R, 9999., 9999., 0, -1, 2508
367: PINCEN(3), 9999., R, 9999., 9999., 0, -1, 2519
368: MPINRT, 0, I, 0, 0, 0, -1, 3802
369: MPINR, 0, I, 0, 0, 0, -1, 2548
370: MPINPHI, 16, I, 16, 16, 0, -1, 2552
371: IQUADPHI, 0, I, 0, 0, 0, -1, 2592
372: OBS1X, -9999., R, -9999., -9999., 0, -1, 2599
373: OBS1Y, 0.0, R, 0.0, 0.0, 0, -1, 2601
374: OBS1Z, 0.0, R, 0.0, 0.0, 0, -1, 2610
375: IFREQ2P, 3, I, 3, 3, 0, -1, 790
376: FREQLOW, 105., R, 105., 105., 0, -1, 2623
377: FREQHIG, 117., R, 117., 117., 0, -1, 2628
378: NINTFREQ, 13, I, 13, 13, 0, -1, 2635
379: PINRAD, 9999.0, R, 9999.0, 9999.0, 0, -1, 2579
380: IPIN, 1, I, 1, 1, 0, -1, 817
381: ISPECINT, 0, I, 0, 0, 0, -1, 815
382: IFOLDM, 1, I, 1, 1, 0, -1, -1
383: IEFOLDM, 1, I, 1, 1, 0, -1, -1
384: IBUNCHM, 0, I, 1, 1, 0, -1, -1
385: BSIGZ(1), 275.e-6, R, 275.e-6, 275.e-6, 0, -1, 2328
386: BSIGZP(1), 28.1e-6, R, 28.1e-6, 28.1e-6, 0, -1, 2329
387: DGSIGZ(1), 3., R, 3., 3., 0, -1, 2349
388: BSIGY(1), 22.5e-6, R, 22.5e-6, 22.5e-6, 0, -1, 2332
389: BSIGYP(1), 6.80e-6, R, 6.80e-6, 6.80e-6, 0, -1, 2333
390: DGSIGY(1), 3., R, 3., 3., 0, -1, 2350
391: NSIGE, 3, I, 3, 3, 0, -1, 2388
392: NBUNCH, 1, I, 1, 1, 0, -1, 2396
393: NEINBUNCH, 1, I, 1, 1, 0, -1, 2398
394: BUNCHLEN, 1000.0d-9, R, 1000.0d-9, 1000.0d-9, 0, -1, 2418
395: IUBUNCH, 0, I, 0, 0, 0, -1, 2430
396: BUNCHCHARGE, -9999., R, -9999., -9999., 0, -1, 2475
397: IWBUNCH, 0, I, 0, 0, 0, -1, 2494
398: IWFILSP0, 0, I, 0, 0, 0, -1, 914
399: FILESP0, wave.sp0, C, wave.sp0, wave.sp0, 0, -1, 1846
400: IWFILSTO, 0, I, 0, 0, 0, -1, 968
401: FILESTO, wave_stokes.dat, C, wave_stokes.dat, wave_stokes.dat, 0, -1, 1927
402: IWFILSPF, 0, I, 0, 0, 0, -1, 965
403: FILESPF, wave_specf.dat, C, wave_specf.dat, wave_specf.dat, 0, -1, 1905
404: IWFLSTOF, 0, I, 0, 0, 0, -1, 972
405: FILESTOF, wave_stokesf.dat, C, wave_stokesf.dat, wave_stokesf.dat, 0, -1, 1930
406: IWFILPOW, 0, I, 0, 0, 0, -1, 917
407: FILEPOW, wave.pow, C, wave.pow, wave.pow, 0, -1, 1849
408: IWFILRAY, 0, I, 0, 0, 0, -1, 924
409: FILERAY, wave_ray.dat, C, wave_ray.dat, wave_ray.dat, 0, -1, 1861
410: IPHASEM, 0, I, 1, 1, 0, -1, -1
411: IMAMPLI, 0, I, 0, 0, 0, -1, 3499
412: FILEAMPLI, reaima.dat, C, reaima.dat, reaima.dat, 0, -1, 1999
413: IBEAMFOLD, 1, I, 1, 1, 0, -1, 3799
414: NGFOURZ, 5, I, 5, 5, 0, -1, 2352
415: NGFOURY, 7, I, 7, 7, 0, -1, 2353
416: IBEAMEFOLD, 1, I, 1, 1, 0, -1, 3800
417: IFILTER, 0, I, 0, 0, 0, -1, 2641
418: FILEABS, sigma_tot.pb, C, sigma_tot.pb, sigma_tot.pb, 0, -1, 1912
419: ABSTHI, 0.002, R, 0.002, 0.002, 0, -1, 2665
420: EFFIB, 0, I, 1, 1, 0, -1, -1
421: IEFFI, 0, I, 0, 0, 0, -1, 2652
422: FILEFF, gold.eff, C, gold.eff, gold.eff, 0, -1, 1915
423: IPOLA, 0, I, 0, 0, 0, -1, 900
424: VPOLA(3), (-1.,0.), CMPLX, (-1.,0.), (-1.,0.), 0, -1, 2243
425: VPOLA(2), (0.,0.), CMPLX, (0.,0.), (0.,0.), 0, -1, 2242
426: IDOSE, 0, I, 0, 0, 0, -1, 894
427: UTAPER(1), 0., R, 0., 0., 0, -1, 2813
428: FILEHB, wave_histo.his, C, wave_histo.his, wave_histo.his, 0, -1, 1855
429: IHTRACKMM, 1, I, 1, 1, 0, -1, -1
430: IHTRACK, 1, I, 1, 1, 0, -1, 670
431: IHTRSMP, 1, I, 1, 1, 0, -1, 679
432: IHTRACKMMM, 1, I, 1, 1, 0, -1, -1
433: IHTRACKM, 1, I, 1, 1, 0, -1, 755
434: IHBETA, 1, I, 1, 1, 0, -1, 1121
435: IHFREQ, 1, I, 1, 1, 0, -1, 809
436: IHPINM, 0, I, 1, 1, 0, -1, -1
437: IHPIN, 0, I, 0, 0, 0, -1, 839
438: IHFOLD, 1, I, 1, 1, 0, -1, 844
439: IHISASCII, 0, I, 0, 0, 0, -1, 221
440: IROOTTREES, 0, I, 0, 0, 0, -1, 236
441: IROOTHDF5, 0, I, 0, 0, 0, -1, 242
442: IUNAME, 0, I, 0, 0, 0, -1, 698
443: IUSTEP, 0, I, 0, 0, 0, -1, 699
444: IUOUT, 0, I, 0, 0, 0, -1, 700
445: IPHASE, 0, I, 0, 0, 0, -1, 884
446: PHCENX, 0.0, R, 0.0, 0.0, 0, -1, 3366
447: PHCENY, 0.0, R, 0.0, 0.0, 0, -1, 3367
448: PHCENZ, 0.0, R, 0.0, 0.0, 0, -1, 3369
449: PHWID, -9999., R, -9999., -9999., 0, -1, 3372
450: PHHIG, -9999., R, -9999., -9999., 0, -1, 3374
451: NPHASEZ, 51, I, 51, 51, 0, -1, 3381
452: NPHASEY, 51, I, 51, 51, 0, -1, 3382
453: MPHASEZ, -9999, I, -9999, -9999, 0, -1, 3383
454: MPHASEY, -9999, I, -9999, -9999, 0, -1, 3386
455: IPHFOLD, 1, I, 1, 1, 0, -1, 3390
456: PHBETH, -9999., R, -9999., -9999., 0, -1, 3395
457: PHBETV, -9999., R, -9999., -9999., 0, -1, 3397
458: IHSEL, 0, I, 0, 0, 0, -1, 3424
459: IEMITM, 0, I, 1, 1, 0, -1, -1
460: BETFUN, 0.0, R, 0.0, 0.0, 0, -1, 1740
461: BETFUNV, 0.0, R, 0.0, 0.0, 0, -1, 1764
462: RDIPOL, 4.359, R, 4.359, 4.359, 0, -1, 1682
463: TAUKRIT, 4.0, R, 4.0, 4.0, 0, -1, 1684
464: DISP0, 0.0, R, 0.0, 0.0, 0, -1, 1786
465: DDISP0, 0.0, R, 0.0, 0.0, 0, -1, 1787
466: DI2RING, 1.4414, R, 1.4414, 1.4414, 0, -1, 1789
467: DI4RING, 0.0, R, 0.0, 0.0, 0, -1, 1790
468: DI5RING, 0.0020588, R, 0.0020588, 0.0020588, 0, -1, 1791
469: DELTAZ, 0.0, R, 0.0, 0.0, 0, -1, 2028
470: DELTAZP, 0.0, R, 0.0, 0.0, 0, -1, 2029
471: DELTAY, 0.0, R, 0.0, 0.0, 0, -1, 2030
472: DELTAYP, 0.0, R, 0.0, 0.0, 0, -1, 2031
473: DELTAE, 0.0, R, 0.0, 0.0, 0, -1, 2033
474: IOPTICM, 0, I, 1, 1, 0, -1, -1
475: IOPTIC, 0, I, 0, 0, 0, -1, 1071
476: IHPHSPAC, 1, I, 1, 1, 0, -1, 2089
477: FILEO, wave_optic.dat, C, wave_optic.dat, wave_optic.dat, 0, -1, 1864
478: NZOPT, 8, I, 8, 8, 0, -1, 2071
479: DZOPT, 9999., R, 9999., 9999., 0, -1, 2072
480: NYOPT, 8, I, 8, 8, 0, -1, 2073
481: DYOPT, 9999., R, 9999., 9999., 0, -1, 2074
482: NZPOPT, 8, I, 8, 8, 0, -1, 2076
483: DZPOPT, 9999., R, 9999., 9999., 0, -1, 2077
484: NYPOPT, 8, I, 8, 8, 0, -1, 2078
485: DYPOPT, 9999., R, 9999., 9999., 0, -1, 2079
486: ZAPERT, 0.03, R, 0.03, 0.03, 0, -1, 2083
487: YAPERT, 0.0075, R, 0.0075, 0.0075, 0, -1, 2084
488: DLAPER, 5.8, R, 5.8, 5.8, 0, -1, 2081
489: OPSTARTX, 9999., R, 9999., 9999., 0, -1, 2097
490: OPSTARTY, 0., R, 0., 0., 0, -1, 2103
491: OPSTARTZ, 0., R, 0., 0., 0, -1, 2104
492: OPNX, 9999., R, 9999., 9999., 0, -1, 2106
493: OPNY, 0.0, R, 0.0, 0.0, 0, -1, 2109
494: OPNZ, 0.0, R, 0.0, 0.0, 0, -1, 2110
495: OPENDX, 9999., R, 9999., 9999., 0, -1, 2112
496: OPENDY, 0., R, 0., 0., 0, -1, 2114
497: OPENDZ, 0., R, 0., 0., 0, -1, 2115
498: OPNFX, 9999., R, 9999., 9999., 0, -1, 2117
499: OPNFY, 0.0, R, 0.0, 0.0, 0, -1, 2120
500: OPNFZ, 0.0, R, 0.0, 0.0, 0, -1, 2121
501: IGENFUN, 0, I, 0, 0, 0, -1, 1080
502: ISELECT, 51, I, 51, 51, 0, -1, 2141
503: IKOEFF, 1, I, 1, 1, 0, -1, 2143
504: IHALBA, 0, I, 0, 0, 0, -1, 2145
505: NPERTRA, 78, I, 78, 78, 0, -1, 2147
506: IQUAD, 1, I, 1, 1, 0, -1, 2149
507: ISYM, 0, I, 0, 0, 0, -1, 2162
508: IA1000, 0, I, 0, 0, 0, -1, 2151
509: IA0100, 0, I, 0, 0, 0, -1, 2152
510: IA0010, 0, I, 0, 0, 0, -1, 2153
511: IA0001, 0, I, 0, 0, 0, -1, 2154
512: IA11A20, 0, I, 0, 0, 0, -1, 2156
513: IWLSHOR, 0, I, 0, 0, 0, -1, 2159
514: IWORK1, 1, I, 1, 1, 0, -1, 3796
515: IONE, 1, I, 1, 1, 0, -1, 3737
516: IWAVES, 0, I, 0, 0, 0, -1, 3748
517: UESHIFTLL, 0.0, R, 0.0, 0.0, 0, -1, 3779
518: UESHIFTLR, 0.0, R, 0.0, 0.0, 0, -1, 3781
519: UESHIFTUL, -0.0, R, -0.0, -0.0, 0, -1, 3780
520: UESHIFTUR, 0.0, R, 0.0, 0.0, 0, -1, 3782
521: SHIFTLLM, 0.0, R, 0.0, 0.0, 0, -1, 3783
522: UESHIFTLLM, 0.0, R, 0.0, 0.0, 0, -1, 3787
523: SHIFTLRM, 0.0, R, 0.0, 0.0, 0, -1, 3785
524: UESHIFTLRM, 0.0, R, 0.0, 0.0, 0, -1, 3789
525: SHIFTULM, 0.0, R, 0.0, 0.0, 0, -1, 3784
526: UESHIFTULM, 0.0, R, 0.0, 0.0, 0, -1, 3788
527: SHIFTURM, 0.0, R, 0.0, 0.0, 0, -1, 3786
528: UESHIFTURM, 0.0, R, 0.0, 0.0, 0, -1, 3790
529: NDIP, 1, I, 1, 1, 0, -1, 3323
530: IAMPREPP, 0, I, 0, 0, 0, -1, 3801
531: IAMPREP, 0, I, 0, 0, 0, -1, 3539
532: IAMPLI, 0, I, 0, 0, 0, -1, 943
533: INULL, 0, I, 0, 0, 0, -1, 3736
534: IAMPW, 0, I, 0, 0, 0, -1, 3750
535: IAMPNW, 1, I, 1, 1, 0, -1, 3751
536: IAMPNP, 1, I, 1, 1, 0, -1, 3752
537: IAMPLI11, 0, I, 0, 0, 0, -1, 3753
538: IAMPLI12, 0, I, 0, 0, 0, -1, 3755
539: IAMPLI21, 0, I, 0, 0, 0, -1, 3754
540: IAMPLI22, 0, I, 0, 0, 0, -1, 3756
541: BXDIP(1), 0.0, R, 0.0, 0.0, 0, -1, 3324
542: BZDIP(1), 0.0, R, 0.0, 0.0, 0, -1, 3326
543: INURAN, 1, I, 1, 1, 0, -1, 3757
544: A0SCGLOBZ, 1.0, R, 1.0, 1.0, 0, -1, 1303
545: A0SCGLOBY, 1.0, R, 1.0, 1.0, 0, -1, 1299
546: IBSUPER, 1, I, 1, 1, 0, -1, 249
547: ISIX, 6, I, 6, 6, 0, -1, 3742
548: TROT1800, 180., R, 180., 180., 0, -1, 3771
549: TROT180, 0.0, R, 0.0, 0.0, 0, -1, 3772
550: TROT900, 90., R, 90., 90., 0, -1, 3768
551: TROT90, 0.0, R, 0.0, 0.0, 0, -1, 3769
552: TROTMODU, 0.0, R, 0.0, 0.0, 0, -1, 3764
553: TROTCHIC, -0.0, R, -0.0, -0.0, 0, -1, 3762
554: THEROT(1), 0.0, R, 0.0, 0.0, 0, -1, 2930
555: THEROT(2), -0.0, R, -0.0, -0.0, 0, -1, 2931
556: THEROT(3), -0.0, R, -0.0, -0.0, 0, -1, 2932
557: THEROT(4), 0.0, R, 0.0, 0.0, 0, -1, 2933
558: THEROT(13), 0.0, R, 0.0, 0.0, 0, -1, 2944
559: THEROT(14), -0.0, R, -0.0, -0.0, 0, -1, 2945
560: THEROT(15), -0.0, R, -0.0, -0.0, 0, -1, 2946
561: THEROT(16), 0.0, R, 0.0, 0.0, 0, -1, 2947
562: THEROT(5), 0.0, R, 0.0, 0.0, 0, -1, 2935
563: TROTM, 0.0, R, 0.0, 0.0, 0, -1, 3770
564: THEROT(6), 0.0, R, 0.0, 0.0, 0, -1, 2936
565: THEROT(7), 0.0, R, 0.0, 0.0, 0, -1, 2937
566: THEROT(8), 0.0, R, 0.0, 0.0, 0, -1, 2938
567: THEROT(9), 0.0, R, 0.0, 0.0, 0, -1, 2939
568: THEROT(10), 0.0, R, 0.0, 0.0, 0, -1, 2940
569: THEROT(11), 0.0, R, 0.0, 0.0, 0, -1, 2941
570: THEROT(12), 0.0, R, 0.0, 0.0, 0, -1, 2942
571: DELGAM, 0.001, R, 0.001, 0.001, 0, -1, 1793
572: R9999, 9999., R, 9999., 9999., 0, -1, 3804
